d:\air_hockey\week0\x64\debug\vc143.pdb
d:\air_hockey\week0\x64\debug\vc143.idb
d:\air_hockey\week0\x64\debug\uimanager.obj
d:\air_hockey\week0\x64\debug\resultui.obj
d:\air_hockey\week0\x64\debug\pauseui.obj
d:\air_hockey\week0\x64\debug\mainui.obj
d:\air_hockey\week0\x64\debug\gameui.obj
d:\air_hockey\week0\x64\debug\texturemanager.obj
d:\air_hockey\week0\x64\debug\spriteanimationmanager.obj
d:\air_hockey\week0\x64\debug\soundmanager.obj
d:\air_hockey\week0\x64\debug\particlemanager.obj
d:\air_hockey\week0\x64\debug\main.obj
d:\air_hockey\week0\x64\debug\imgui_widgets.obj
d:\air_hockey\week0\x64\debug\imgui_tables.obj
d:\air_hockey\week0\x64\debug\imgui_impl_win32.obj
d:\air_hockey\week0\x64\debug\imgui_impl_dx11.obj
d:\air_hockey\week0\x64\debug\imgui_draw.obj
d:\air_hockey\week0\x64\debug\imgui_demo.obj
d:\air_hockey\week0\x64\debug\imgui.obj
d:\air_hockey\x64\debug\week0.exe
d:\air_hockey\x64\debug\week0.pdb
d:\air_hockey\week0\x64\debug\week0.ilk
d:\air_hockey\week0\x64\debug\week0.tlog\cl.command.1.tlog
d:\air_hockey\week0\x64\debug\week0.tlog\cl.items.tlog
d:\air_hockey\week0\x64\debug\week0.tlog\cl.read.1.tlog
d:\air_hockey\week0\x64\debug\week0.tlog\cl.write.1.tlog
d:\air_hockey\week0\x64\debug\week0.tlog\link.command.1.tlog
d:\air_hockey\week0\x64\debug\week0.tlog\link.read.1.tlog
d:\air_hockey\week0\x64\debug\week0.tlog\link.secondary.1.tlog
d:\air_hockey\week0\x64\debug\week0.tlog\link.write.1.tlog
